<?xml version="1.0" encoding="UTF-8"?>
<!-- Generated by org.testng.reporters.JUnitXMLReporter -->
<testsuite ignored="1" hostname="DESKTOP-KANN52V" failures="0" tests="4" name="Default test" time="0.103" errors="0" timestamp="2022-12-07T08:47:41 IST">
  <testcase classname="config.AppUtil1" name="@BeforeSuite setUp" time="3.204">
    <failure type="org.openqa.selenium.SessionNotCreatedException" message="session not created: This version of ChromeDriver only supports Chrome version 106
Current browser version is 108.0.5359.73 with binary path C:\Program Files\Google\Chrome\Application\chrome.exe
Build info: version: &amp;apos;3.14.0&amp;apos;, revision: &amp;apos;aacccce0&amp;apos;, time: &amp;apos;2018-08-02T20:13:22.693Z&amp;apos;
System info: host: &amp;apos;DESKTOP-KANN52V&amp;apos;, ip: &amp;apos;192.168.29.203&amp;apos;, os.name: &amp;apos;Windows 10&amp;apos;, os.arch: &amp;apos;amd64&amp;apos;, os.version: &amp;apos;10.0&amp;apos;, java.version: &amp;apos;17.0.3&amp;apos;
Driver info: driver.version: ChromeDriver
remote stacktrace: Backtrace:
	Ordinal0 [0x003F1ED3+2236115]
	Ordinal0 [0x003892F1+1807089]
	Ordinal0 [0x002966FD+812797]
	Ordinal0 [0x002B8C6D+953453]
	Ordinal0 [0x002B4200+934400]
	Ordinal0 [0x002B19C9+924105]
	Ordinal0 [0x002E806C+1146988]
	Ordinal0 [0x002E7A6A+1145450]
	Ordinal0 [0x002E18A6+1120422]
	Ordinal0 [0x002BA73D+960317]
	Ordinal0 [0x002BB71F+964383]
	GetHandleVerifier [0x0069E7E2+2743074]
	GetHandleVerifier [0x006908D4+2685972]
	GetHandleVerifier [0x00482BAA+532202]
	GetHandleVerifier [0x00481990+527568]
	Ordinal0 [0x0039080C+1837068]
	Ordinal0 [0x00394CD8+1854680]
	Ordinal0 [0x00394DC5+1854917]
	Ordinal0 [0x0039ED64+1895780]
	BaseThreadInitThunk [0x7721FEF9+25]
	RtlGetAppContainerNamedObjectPath [0x776A7BBE+286]
	RtlGetAppContainerNamedObjectPath [0x776A7B8E+238]
">
      <![CDATA[org.openqa.selenium.SessionNotCreatedException: session not created: This version of ChromeDriver only supports Chrome version 106
Current browser version is 108.0.5359.73 with binary path C:\Program Files\Google\Chrome\Application\chrome.exe
Build info: version: '3.14.0', revision: 'aacccce0', time: '2018-08-02T20:13:22.693Z'
System info: host: 'DESKTOP-KANN52V', ip: '192.168.29.203', os.name: 'Windows 10', os.arch: 'amd64', os.version: '10.0', java.version: '17.0.3'
Driver info: driver.version: ChromeDriver
remote stacktrace: Backtrace:
Ordinal0 [0x003F1ED3+2236115]
Ordinal0 [0x003892F1+1807089]
Ordinal0 [0x002966FD+812797]
Ordinal0 [0x002B8C6D+953453]
Ordinal0 [0x002B4200+934400]
Ordinal0 [0x002B19C9+924105]
Ordinal0 [0x002E806C+1146988]
Ordinal0 [0x002E7A6A+1145450]
Ordinal0 [0x002E18A6+1120422]
Ordinal0 [0x002BA73D+960317]
Ordinal0 [0x002BB71F+964383]
GetHandleVerifier [0x0069E7E2+2743074]
GetHandleVerifier [0x006908D4+2685972]
GetHandleVerifier [0x00482BAA+532202]
GetHandleVerifier [0x00481990+527568]
Ordinal0 [0x0039080C+1837068]
Ordinal0 [0x00394CD8+1854680]
Ordinal0 [0x00394DC5+1854917]
Ordinal0 [0x0039ED64+1895780]
BaseThreadInitThunk [0x7721FEF9+25]
RtlGetAppContainerNamedObjectPath [0x776A7BBE+286]
RtlGetAppContainerNamedObjectPath [0x776A7B8E+238]

at java.base/jdk.internal.reflect.NativeConstructorAccessorImpl.newInstance0(Native Method)
at java.base/jdk.internal.reflect.NativeConstructorAccessorImpl.newInstance(NativeConstructorAccessorImpl.java:77)
at java.base/jdk.internal.reflect.DelegatingConstructorAccessorImpl.newInstance(DelegatingConstructorAccessorImpl.java:45)
at java.base/java.lang.reflect.Constructor.newInstanceWithCaller(Constructor.java:499)
at java.base/java.lang.reflect.Constructor.newInstance(Constructor.java:480)
at org.openqa.selenium.remote.W3CHandshakeResponse.lambda$new$0(W3CHandshakeResponse.java:57)
at org.openqa.selenium.remote.W3CHandshakeResponse.lambda$getResponseFunction$2(W3CHandshakeResponse.java:104)
at org.openqa.selenium.remote.ProtocolHandshake.lambda$createSession$0(ProtocolHandshake.java:122)
at java.base/java.util.stream.ReferencePipeline$3$1.accept(ReferencePipeline.java:197)
at java.base/java.util.Spliterators$ArraySpliterator.tryAdvance(Spliterators.java:1002)
at java.base/java.util.stream.ReferencePipeline.forEachWithCancel(ReferencePipeline.java:129)
at java.base/java.util.stream.AbstractPipeline.copyIntoWithCancel(AbstractPipeline.java:527)
at java.base/java.util.stream.AbstractPipeline.copyInto(AbstractPipeline.java:513)
at java.base/java.util.stream.AbstractPipeline.wrapAndCopyInto(AbstractPipeline.java:499)
at java.base/java.util.stream.FindOps$FindOp.evaluateSequential(FindOps.java:150)
at java.base/java.util.stream.AbstractPipeline.evaluate(AbstractPipeline.java:234)
at java.base/java.util.stream.ReferencePipeline.findFirst(ReferencePipeline.java:647)
at org.openqa.selenium.remote.ProtocolHandshake.createSession(ProtocolHandshake.java:125)
at org.openqa.selenium.remote.ProtocolHandshake.createSession(ProtocolHandshake.java:73)
at org.openqa.selenium.remote.HttpCommandExecutor.execute(HttpCommandExecutor.java:136)
at org.openqa.selenium.remote.service.DriverCommandExecutor.execute(DriverCommandExecutor.java:83)
at org.openqa.selenium.remote.RemoteWebDriver.execute(RemoteWebDriver.java:548)
at org.openqa.selenium.remote.RemoteWebDriver.startSession(RemoteWebDriver.java:212)
at org.openqa.selenium.remote.RemoteWebDriver.<init>(RemoteWebDriver.java:130)
at org.openqa.selenium.chrome.ChromeDriver.<init>(ChromeDriver.java:181)
at org.openqa.selenium.chrome.ChromeDriver.<init>(ChromeDriver.java:168)
at org.openqa.selenium.chrome.ChromeDriver.<init>(ChromeDriver.java:123)
at config.AppUtil1.setUp(AppUtil1.java:13)
at java.base/jdk.internal.reflect.NativeMethodAccessorImpl.invoke0(Native Method)
at java.base/jdk.internal.reflect.NativeMethodAccessorImpl.invoke(NativeMethodAccessorImpl.java:77)
at java.base/jdk.internal.reflect.DelegatingMethodAccessorImpl.invoke(DelegatingMethodAccessorImpl.java:43)
at java.base/java.lang.reflect.Method.invoke(Method.java:568)
at org.testng.internal.MethodInvocationHelper.invokeMethod(MethodInvocationHelper.java:133)
at org.testng.internal.MethodInvocationHelper.invokeMethodConsideringTimeout(MethodInvocationHelper.java:62)
at org.testng.internal.ConfigInvoker.invokeConfigurationMethod(ConfigInvoker.java:385)
at org.testng.internal.ConfigInvoker.invokeConfigurations(ConfigInvoker.java:321)
at org.testng.SuiteRunner.privateRun(SuiteRunner.java:317)
at org.testng.SuiteRunner.run(SuiteRunner.java:276)
at org.testng.SuiteRunnerWorker.runSuite(SuiteRunnerWorker.java:53)
at org.testng.SuiteRunnerWorker.run(SuiteRunnerWorker.java:96)
at org.testng.TestNG.runSuitesSequentially(TestNG.java:1212)
at org.testng.TestNG.runSuitesLocally(TestNG.java:1134)
at org.testng.TestNG.runSuites(TestNG.java:1063)
at org.testng.TestNG.run(TestNG.java:1031)
at org.testng.remote.AbstractRemoteTestNG.run(AbstractRemoteTestNG.java:115)
at org.testng.remote.RemoteTestNG.initAndRun(RemoteTestNG.java:251)
at org.testng.remote.RemoteTestNG.main(RemoteTestNG.java:77)
]]>
    </failure>
  </testcase> <!-- @BeforeSuite setUp -->
  <testcase classname="config.TestScript1" name="multiplication" time="0.0">
    <skipped/>
  </testcase> <!-- multiplication -->
  <testcase classname="config.TestScript1" name="multiplication" time="0.0">
    <skipped/>
  </testcase> <!-- multiplication -->
  <testcase classname="config.TestScript1" name="multiplication" time="0.0">
    <skipped/>
  </testcase> <!-- multiplication -->
  <testcase classname="config.TestScript1" name="addition" time="0.0">
    <skipped/>
  </testcase> <!-- addition -->
  <testcase classname="config.TestScript1" name="division" time="0.0">
    <ignored/>
  </testcase> <!-- division -->
</testsuite> <!-- Default test -->
